{"/Users/navi/Desktop/DEVELOPMENT/Courses/Microservices/SG/BlackTicketing/orders/src/app.ts": {"path":"/Users/navi/Desktop/DEVELOPMENT/Courses/Microservices/SG/BlackTicketing/orders/src/app.ts","statementMap":{"0":{"start":{"line":1,"column":0},"end":{"line":1,"column":30}},"1":{"start":{"line":2,"column":0},"end":{"line":2,"column":30}},"2":{"start":{"line":3,"column":0},"end":{"line":3,"column":35}},"3":{"start":{"line":4,"column":0},"end":{"line":4,"column":43}},"4":{"start":{"line":6,"column":0},"end":{"line":6,"column":76}},"5":{"start":{"line":7,"column":0},"end":{"line":7,"column":49}},"6":{"start":{"line":8,"column":0},"end":{"line":8,"column":48}},"7":{"start":{"line":9,"column":0},"end":{"line":9,"column":50}},"8":{"start":{"line":10,"column":0},"end":{"line":10,"column":52}},"9":{"start":{"line":12,"column":12},"end":{"line":12,"column":21}},"10":{"start":{"line":35,"column":9},"end":{"line":35,"column":12}},"11":{"start":{"line":13,"column":0},"end":{"line":13,"column":29}},"12":{"start":{"line":14,"column":0},"end":{"line":14,"column":16}},"13":{"start":{"line":15,"column":0},"end":{"line":20,"column":2}},"14":{"start":{"line":21,"column":0},"end":{"line":21,"column":21}},"15":{"start":{"line":23,"column":0},"end":{"line":23,"column":27}},"16":{"start":{"line":24,"column":0},"end":{"line":24,"column":26}},"17":{"start":{"line":25,"column":0},"end":{"line":25,"column":25}},"18":{"start":{"line":26,"column":0},"end":{"line":26,"column":27}},"19":{"start":{"line":28,"column":0},"end":{"line":31,"column":3}},"20":{"start":{"line":28,"column":32},"end":{"line":31,"column":2}},"21":{"start":{"line":29,"column":2},"end":{"line":29,"column":47}},"22":{"start":{"line":30,"column":2},"end":{"line":30,"column":28}},"23":{"start":{"line":33,"column":0},"end":{"line":33,"column":22}}},"fnMap":{"0":{"name":"(anonymous_8)","decl":{"start":{"line":28,"column":13},"end":{"line":28,"column":20}},"loc":{"start":{"line":28,"column":32},"end":{"line":31,"column":2}}},"1":{"name":"(anonymous_9)","decl":{"start":{"line":28,"column":32},"end":{"line":28,"column":null}},"loc":{"start":{"line":28,"column":32},"end":{"line":31,"column":1}}}},"branchMap":{},"s":{"0":4,"1":4,"2":4,"3":4,"4":4,"5":4,"6":4,"7":4,"8":4,"9":4,"10":4,"11":4,"12":4,"13":4,"14":4,"15":4,"16":4,"17":4,"18":4,"19":4,"20":0,"21":0,"22":0,"23":4},"f":{"0":0,"1":0},"b":{}}
,"/Users/navi/Desktop/DEVELOPMENT/Courses/Microservices/SG/BlackTicketing/orders/src/events/listeners/expiration-completed-listener.ts": {"path":"/Users/navi/Desktop/DEVELOPMENT/Courses/Microservices/SG/BlackTicketing/orders/src/events/listeners/expiration-completed-listener.ts","statementMap":{"0":{"start":{"line":1,"column":0},"end":{"line":1,"column":71}},"1":{"start":{"line":4,"column":0},"end":{"line":4,"column":48}},"2":{"start":{"line":5,"column":0},"end":{"line":5,"column":42}},"3":{"start":{"line":6,"column":0},"end":{"line":6,"column":82}},"4":{"start":{"line":9,"column":11},"end":{"line":9,"column":49}},"5":{"start":{"line":10,"column":2},"end":{"line":10,"column":34}},"6":{"start":{"line":13,"column":4},"end":{"line":13,"column":61}},"7":{"start":{"line":15,"column":18},"end":{"line":15,"column":71}},"8":{"start":{"line":16,"column":4},"end":{"line":24,"column":null}},"9":{"start":{"line":17,"column":6},"end":{"line":19,"column":null}},"10":{"start":{"line":18,"column":8},"end":{"line":18,"column":43}},"11":{"start":{"line":20,"column":6},"end":{"line":20,"column":52}},"12":{"start":{"line":21,"column":6},"end":{"line":21,"column":26}},"13":{"start":{"line":23,"column":6},"end":{"line":23,"column":64}},"14":{"start":{"line":26,"column":4},"end":{"line":36,"column":null}},"15":{"start":{"line":27,"column":6},"end":{"line":31,"column":9}},"16":{"start":{"line":33,"column":6},"end":{"line":35,"column":8}},"17":{"start":{"line":39,"column":4},"end":{"line":39,"column":14}},"18":{"start":{"line":8,"column":0},"end":{"line":8,"column":13}}},"fnMap":{"0":{"name":"(anonymous_8)","decl":{"start":{"line":8,"column":0},"end":{"line":8,"column":13}},"loc":{"start":{"line":8,"column":0},"end":{"line":41,"column":1}}},"1":{"name":"(anonymous_9)","decl":{"start":{"line":12,"column":8},"end":{"line":12,"column":17}},"loc":{"start":{"line":12,"column":70},"end":{"line":40,"column":null}}}},"branchMap":{"0":{"loc":{"start":{"line":17,"column":6},"end":{"line":19,"column":null}},"type":"if","locations":[{"start":{"line":17,"column":6},"end":{"line":19,"column":null}}]},"1":{"loc":{"start":{"line":20,"column":6},"end":{"line":20,"column":51}},"type":"cond-expr","locations":[{"start":{"line":20,"column":11},"end":{"line":20,"column":13}},{"start":{"line":20,"column":6},"end":{"line":20,"column":51}}]},"2":{"loc":{"start":{"line":20,"column":6},"end":{"line":20,"column":13}},"type":"binary-expr","locations":[{"start":{"line":20,"column":6},"end":{"line":20,"column":13}},{"start":{"line":20,"column":6},"end":{"line":20,"column":13}}]},"3":{"loc":{"start":{"line":21,"column":12},"end":{"line":21,"column":25}},"type":"cond-expr","locations":[{"start":{"line":21,"column":17},"end":{"line":21,"column":19}},{"start":{"line":21,"column":12},"end":{"line":21,"column":25}}]},"4":{"loc":{"start":{"line":21,"column":12},"end":{"line":21,"column":19}},"type":"binary-expr","locations":[{"start":{"line":21,"column":12},"end":{"line":21,"column":19}},{"start":{"line":21,"column":12},"end":{"line":21,"column":19}}]},"5":{"loc":{"start":{"line":28,"column":12},"end":{"line":28,"column":22}},"type":"cond-expr","locations":[{"start":{"line":28,"column":17},"end":{"line":28,"column":19}},{"start":{"line":28,"column":12},"end":{"line":28,"column":22}}]},"6":{"loc":{"start":{"line":28,"column":12},"end":{"line":28,"column":19}},"type":"binary-expr","locations":[{"start":{"line":28,"column":12},"end":{"line":28,"column":19}},{"start":{"line":28,"column":12},"end":{"line":28,"column":19}}]},"7":{"loc":{"start":{"line":30,"column":22},"end":{"line":30,"column":38}},"type":"cond-expr","locations":[{"start":{"line":30,"column":27},"end":{"line":30,"column":29}},{"start":{"line":30,"column":22},"end":{"line":30,"column":38}}]},"8":{"loc":{"start":{"line":30,"column":22},"end":{"line":30,"column":29}},"type":"binary-expr","locations":[{"start":{"line":30,"column":22},"end":{"line":30,"column":29}},{"start":{"line":30,"column":22},"end":{"line":30,"column":29}}]}},"s":{"0":1,"1":1,"2":1,"3":1,"4":3,"5":3,"6":3,"7":3,"8":3,"9":3,"10":0,"11":3,"12":3,"13":0,"14":3,"15":3,"16":0,"17":3,"18":1},"f":{"0":3,"1":3},"b":{"0":[0],"1":[0,3],"2":[3,3],"3":[0,3],"4":[3,3],"5":[0,3],"6":[3,3],"7":[0,3],"8":[3,3]}}
,"/Users/navi/Desktop/DEVELOPMENT/Courses/Microservices/SG/BlackTicketing/orders/src/events/listeners/queue-group-name.ts": {"path":"/Users/navi/Desktop/DEVELOPMENT/Courses/Microservices/SG/BlackTicketing/orders/src/events/listeners/queue-group-name.ts","statementMap":{"0":{"start":{"line":1,"column":23},"end":{"line":1,"column":39}},"1":{"start":{"line":3,"column":0},"end":{"line":3,"column":30}}},"fnMap":{},"branchMap":{},"s":{"0":3,"1":3},"f":{},"b":{}}
,"/Users/navi/Desktop/DEVELOPMENT/Courses/Microservices/SG/BlackTicketing/orders/src/events/listeners/ticket-created-listener.ts": {"path":"/Users/navi/Desktop/DEVELOPMENT/Courses/Microservices/SG/BlackTicketing/orders/src/events/listeners/ticket-created-listener.ts","statementMap":{"0":{"start":{"line":1,"column":0},"end":{"line":1,"column":58}},"1":{"start":{"line":4,"column":0},"end":{"line":4,"column":48}},"2":{"start":{"line":5,"column":0},"end":{"line":5,"column":44}},"3":{"start":{"line":8,"column":11},"end":{"line":8,"column":44}},"4":{"start":{"line":9,"column":2},"end":{"line":9,"column":34}},"5":{"start":{"line":12,"column":4},"end":{"line":12,"column":48}},"6":{"start":{"line":14,"column":19},"end":{"line":18,"column":6}},"7":{"start":{"line":19,"column":4},"end":{"line":19,"column":77}},"8":{"start":{"line":20,"column":4},"end":{"line":20,"column":24}},"9":{"start":{"line":21,"column":4},"end":{"line":23,"column":6}},"10":{"start":{"line":24,"column":4},"end":{"line":24,"column":14}},"11":{"start":{"line":7,"column":0},"end":{"line":7,"column":13}}},"fnMap":{"0":{"name":"(anonymous_8)","decl":{"start":{"line":7,"column":0},"end":{"line":7,"column":13}},"loc":{"start":{"line":7,"column":0},"end":{"line":26,"column":1}}},"1":{"name":"(anonymous_9)","decl":{"start":{"line":11,"column":8},"end":{"line":11,"column":17}},"loc":{"start":{"line":11,"column":65},"end":{"line":25,"column":null}}}},"branchMap":{},"s":{"0":1,"1":1,"2":1,"3":2,"4":2,"5":2,"6":2,"7":2,"8":2,"9":2,"10":2,"11":1},"f":{"0":2,"1":2},"b":{}}
,"/Users/navi/Desktop/DEVELOPMENT/Courses/Microservices/SG/BlackTicketing/orders/src/events/listeners/ticket-updated-listener.ts": {"path":"/Users/navi/Desktop/DEVELOPMENT/Courses/Microservices/SG/BlackTicketing/orders/src/events/listeners/ticket-updated-listener.ts","statementMap":{"0":{"start":{"line":1,"column":0},"end":{"line":1,"column":58}},"1":{"start":{"line":4,"column":0},"end":{"line":4,"column":48}},"2":{"start":{"line":5,"column":0},"end":{"line":5,"column":44}},"3":{"start":{"line":8,"column":11},"end":{"line":8,"column":44}},"4":{"start":{"line":9,"column":2},"end":{"line":9,"column":34}},"5":{"start":{"line":12,"column":19},"end":{"line":12,"column":49}},"6":{"start":{"line":13,"column":4},"end":{"line":17,"column":null}},"7":{"start":{"line":15,"column":6},"end":{"line":15,"column":63}},"8":{"start":{"line":16,"column":6},"end":{"line":16,"column":13}},"9":{"start":{"line":19,"column":29},"end":{"line":19,"column":33}},"10":{"start":{"line":20,"column":4},"end":{"line":20,"column":34}},"11":{"start":{"line":21,"column":4},"end":{"line":21,"column":25}},"12":{"start":{"line":23,"column":4},"end":{"line":23,"column":14}},"13":{"start":{"line":24,"column":4},"end":{"line":24,"column":53}},"14":{"start":{"line":7,"column":0},"end":{"line":7,"column":13}}},"fnMap":{"0":{"name":"(anonymous_8)","decl":{"start":{"line":7,"column":0},"end":{"line":7,"column":13}},"loc":{"start":{"line":7,"column":0},"end":{"line":26,"column":1}}},"1":{"name":"(anonymous_9)","decl":{"start":{"line":11,"column":8},"end":{"line":11,"column":17}},"loc":{"start":{"line":11,"column":65},"end":{"line":25,"column":null}}}},"branchMap":{"0":{"loc":{"start":{"line":13,"column":4},"end":{"line":17,"column":null}},"type":"if","locations":[{"start":{"line":13,"column":4},"end":{"line":17,"column":null}}]}},"s":{"0":1,"1":1,"2":1,"3":3,"4":3,"5":3,"6":3,"7":1,"8":1,"9":2,"10":2,"11":2,"12":2,"13":2,"14":1},"f":{"0":3,"1":3},"b":{"0":[1]}}
,"/Users/navi/Desktop/DEVELOPMENT/Courses/Microservices/SG/BlackTicketing/orders/src/events/publishers/order-cancelled-publisher.ts": {"path":"/Users/navi/Desktop/DEVELOPMENT/Courses/Microservices/SG/BlackTicketing/orders/src/events/publishers/order-cancelled-publisher.ts","statementMap":{"0":{"start":{"line":1,"column":0},"end":{"line":1,"column":59}},"1":{"start":{"line":5,"column":11},"end":{"line":5,"column":45}},"2":{"start":{"line":4,"column":0},"end":{"line":4,"column":13}}},"fnMap":{"0":{"name":"(anonymous_0)","decl":{"start":{"line":4,"column":0},"end":{"line":4,"column":13}},"loc":{"start":{"line":4,"column":0},"end":{"line":6,"column":1}}}},"branchMap":{},"s":{"0":5,"1":5,"2":5},"f":{"0":5},"b":{}}
,"/Users/navi/Desktop/DEVELOPMENT/Courses/Microservices/SG/BlackTicketing/orders/src/events/publishers/order-created-publisher.ts": {"path":"/Users/navi/Desktop/DEVELOPMENT/Courses/Microservices/SG/BlackTicketing/orders/src/events/publishers/order-created-publisher.ts","statementMap":{"0":{"start":{"line":1,"column":0},"end":{"line":1,"column":59}},"1":{"start":{"line":5,"column":11},"end":{"line":5,"column":43}},"2":{"start":{"line":4,"column":0},"end":{"line":4,"column":13}}},"fnMap":{"0":{"name":"(anonymous_0)","decl":{"start":{"line":4,"column":0},"end":{"line":4,"column":13}},"loc":{"start":{"line":4,"column":0},"end":{"line":6,"column":1}}}},"branchMap":{},"s":{"0":4,"1":8,"2":4},"f":{"0":8},"b":{}}
,"/Users/navi/Desktop/DEVELOPMENT/Courses/Microservices/SG/BlackTicketing/orders/src/model/order.ts": {"path":"/Users/navi/Desktop/DEVELOPMENT/Courses/Microservices/SG/BlackTicketing/orders/src/model/order.ts","statementMap":{"0":{"start":{"line":1,"column":0},"end":{"line":1,"column":32}},"1":{"start":{"line":2,"column":0},"end":{"line":2,"column":47}},"2":{"start":{"line":4,"column":0},"end":{"line":4,"column":67}},"3":{"start":{"line":25,"column":20},"end":{"line":53,"column":null}},"4":{"start":{"line":49,"column":8},"end":{"line":49,"column":25}},"5":{"start":{"line":50,"column":8},"end":{"line":50,"column":23}},"6":{"start":{"line":56,"column":0},"end":{"line":56,"column":41}},"7":{"start":{"line":57,"column":0},"end":{"line":57,"column":42}},"8":{"start":{"line":59,"column":0},"end":{"line":61,"column":2}},"9":{"start":{"line":60,"column":2},"end":{"line":60,"column":26}},"10":{"start":{"line":63,"column":14},"end":{"line":63,"column":72}},"11":{"start":{"line":65,"column":9},"end":{"line":65,"column":14}}},"fnMap":{"0":{"name":"(anonymous_1)","decl":{"start":{"line":48,"column":6},"end":{"line":48,"column":15}},"loc":{"start":{"line":48,"column":24},"end":{"line":51,"column":7}}},"1":{"name":"(anonymous_2)","decl":{"start":{"line":59,"column":28},"end":{"line":59,"column":29}},"loc":{"start":{"line":59,"column":50},"end":{"line":61,"column":1}}}},"branchMap":{},"s":{"0":7,"1":7,"2":7,"3":7,"4":14,"5":14,"6":7,"7":7,"8":7,"9":12,"10":7,"11":7},"f":{"0":14,"1":12},"b":{}}
,"/Users/navi/Desktop/DEVELOPMENT/Courses/Microservices/SG/BlackTicketing/orders/src/model/ticket.ts": {"path":"/Users/navi/Desktop/DEVELOPMENT/Courses/Microservices/SG/BlackTicketing/orders/src/model/ticket.ts","statementMap":{"0":{"start":{"line":1,"column":0},"end":{"line":1,"column":47}},"1":{"start":{"line":2,"column":0},"end":{"line":2,"column":32}},"2":{"start":{"line":3,"column":0},"end":{"line":3,"column":32}},"3":{"start":{"line":4,"column":0},"end":{"line":4,"column":67}},"4":{"start":{"line":27,"column":21},"end":{"line":46,"column":null}},"5":{"start":{"line":42,"column":8},"end":{"line":42,"column":25}},"6":{"start":{"line":43,"column":8},"end":{"line":43,"column":23}},"7":{"start":{"line":49,"column":0},"end":{"line":49,"column":42}},"8":{"start":{"line":50,"column":0},"end":{"line":50,"column":43}},"9":{"start":{"line":52,"column":0},"end":{"line":61,"column":2}},"10":{"start":{"line":56,"column":17},"end":{"line":59,"column":4}},"11":{"start":{"line":60,"column":2},"end":{"line":60,"column":27}},"12":{"start":{"line":63,"column":0},"end":{"line":69,"column":2}},"13":{"start":{"line":64,"column":2},"end":{"line":68,"column":5}},"14":{"start":{"line":71,"column":0},"end":{"line":76,"column":2}},"15":{"start":{"line":72,"column":2},"end":{"line":75,"column":5}},"16":{"start":{"line":78,"column":15},"end":{"line":78,"column":77}},"17":{"start":{"line":80,"column":9},"end":{"line":80,"column":15}}},"fnMap":{"0":{"name":"(anonymous_8)","decl":{"start":{"line":41,"column":6},"end":{"line":41,"column":15}},"loc":{"start":{"line":41,"column":24},"end":{"line":44,"column":7}}},"1":{"name":"(anonymous_9)","decl":{"start":{"line":52,"column":34},"end":{"line":52,"column":null}},"loc":{"start":{"line":52,"column":34},"end":{"line":61,"column":2}}},"2":{"name":"(anonymous_11)","decl":{"start":{"line":63,"column":29},"end":{"line":63,"column":30}},"loc":{"start":{"line":63,"column":52},"end":{"line":69,"column":1}}},"3":{"name":"(anonymous_12)","decl":{"start":{"line":71,"column":35},"end":{"line":71,"column":36}},"loc":{"start":{"line":71,"column":77},"end":{"line":76,"column":1}}}},"branchMap":{},"s":{"0":7,"1":7,"2":7,"3":7,"4":7,"5":14,"6":14,"7":7,"8":7,"9":7,"10":9,"11":9,"12":7,"13":17,"14":7,"15":3,"16":7,"17":7},"f":{"0":14,"1":9,"2":17,"3":3},"b":{}}
,"/Users/navi/Desktop/DEVELOPMENT/Courses/Microservices/SG/BlackTicketing/orders/src/routes/delete.ts": {"path":"/Users/navi/Desktop/DEVELOPMENT/Courses/Microservices/SG/BlackTicketing/orders/src/routes/delete.ts","statementMap":{"0":{"start":{"line":1,"column":0},"end":{"line":1,"column":53}},"1":{"start":{"line":2,"column":0},"end":{"line":2,"column":null}},"2":{"start":{"line":8,"column":0},"end":{"line":8,"column":42}},"3":{"start":{"line":9,"column":0},"end":{"line":9,"column":46}},"4":{"start":{"line":10,"column":0},"end":{"line":10,"column":89}},"5":{"start":{"line":11,"column":0},"end":{"line":11,"column":39}},"6":{"start":{"line":13,"column":15},"end":{"line":13,"column":31}},"7":{"start":{"line":54,"column":19},"end":{"line":54,"column":36}},"8":{"start":{"line":15,"column":0},"end":{"line":52,"column":2}},"9":{"start":{"line":19,"column":40},"end":{"line":51,"column":null}},"10":{"start":{"line":20,"column":18},"end":{"line":20,"column":72}},"11":{"start":{"line":22,"column":4},"end":{"line":24,"column":null}},"12":{"start":{"line":23,"column":6},"end":{"line":23,"column":32}},"13":{"start":{"line":26,"column":4},"end":{"line":28,"column":null}},"14":{"start":{"line":27,"column":6},"end":{"line":27,"column":37}},"15":{"start":{"line":30,"column":4},"end":{"line":30,"column":41}},"16":{"start":{"line":31,"column":4},"end":{"line":31,"column":23}},"17":{"start":{"line":35,"column":4},"end":{"line":48,"column":null}},"18":{"start":{"line":36,"column":6},"end":{"line":36,"column":77}},"19":{"start":{"line":37,"column":6},"end":{"line":43,"column":9}},"20":{"start":{"line":44,"column":6},"end":{"line":44,"column":77}},"21":{"start":{"line":46,"column":6},"end":{"line":46,"column":60}},"22":{"start":{"line":50,"column":4},"end":{"line":50,"column":39}}},"fnMap":{"0":{"name":"(anonymous_8)","decl":{"start":{"line":19,"column":2},"end":{"line":19,"column":9}},"loc":{"start":{"line":19,"column":40},"end":{"line":51,"column":null}}},"1":{"name":"(anonymous_9)","decl":{"start":{"line":19,"column":40},"end":{"line":19,"column":null}},"loc":{"start":{"line":19,"column":40},"end":{"line":51,"column":3}}}},"branchMap":{"0":{"loc":{"start":{"line":22,"column":4},"end":{"line":24,"column":null}},"type":"if","locations":[{"start":{"line":22,"column":4},"end":{"line":24,"column":null}}]},"1":{"loc":{"start":{"line":26,"column":4},"end":{"line":28,"column":null}},"type":"if","locations":[{"start":{"line":26,"column":4},"end":{"line":28,"column":null}}]}},"s":{"0":4,"1":4,"2":4,"3":4,"4":4,"5":4,"6":4,"7":4,"8":4,"9":2,"10":2,"11":2,"12":0,"13":2,"14":0,"15":2,"16":2,"17":2,"18":2,"19":2,"20":2,"21":0,"22":2},"f":{"0":2,"1":2},"b":{"0":[0],"1":[0]}}
,"/Users/navi/Desktop/DEVELOPMENT/Courses/Microservices/SG/BlackTicketing/orders/src/routes/index.ts": {"path":"/Users/navi/Desktop/DEVELOPMENT/Courses/Microservices/SG/BlackTicketing/orders/src/routes/index.ts","statementMap":{"0":{"start":{"line":1,"column":0},"end":{"line":1,"column":53}},"1":{"start":{"line":2,"column":0},"end":{"line":2,"column":47}},"2":{"start":{"line":3,"column":0},"end":{"line":3,"column":39}},"3":{"start":{"line":5,"column":15},"end":{"line":5,"column":31}},"4":{"start":{"line":15,"column":19},"end":{"line":15,"column":35}},"5":{"start":{"line":7,"column":0},"end":{"line":13,"column":3}},"6":{"start":{"line":7,"column":77},"end":{"line":13,"column":2}},"7":{"start":{"line":9,"column":17},"end":{"line":11,"column":23}},"8":{"start":{"line":12,"column":2},"end":{"line":12,"column":26}}},"fnMap":{"0":{"name":"(anonymous_8)","decl":{"start":{"line":7,"column":39},"end":{"line":7,"column":46}},"loc":{"start":{"line":7,"column":77},"end":{"line":13,"column":2}}},"1":{"name":"(anonymous_9)","decl":{"start":{"line":7,"column":77},"end":{"line":7,"column":null}},"loc":{"start":{"line":7,"column":77},"end":{"line":13,"column":1}}}},"branchMap":{},"s":{"0":4,"1":4,"2":4,"3":4,"4":4,"5":4,"6":2,"7":2,"8":2},"f":{"0":2,"1":2},"b":{}}
,"/Users/navi/Desktop/DEVELOPMENT/Courses/Microservices/SG/BlackTicketing/orders/src/routes/new.ts": {"path":"/Users/navi/Desktop/DEVELOPMENT/Courses/Microservices/SG/BlackTicketing/orders/src/routes/new.ts","statementMap":{"0":{"start":{"line":1,"column":0},"end":{"line":1,"column":53}},"1":{"start":{"line":2,"column":0},"end":{"line":2,"column":32}},"2":{"start":{"line":3,"column":0},"end":{"line":3,"column":null}},"3":{"start":{"line":10,"column":0},"end":{"line":10,"column":41}},"4":{"start":{"line":11,"column":0},"end":{"line":11,"column":46}},"5":{"start":{"line":12,"column":0},"end":{"line":12,"column":85}},"6":{"start":{"line":13,"column":0},"end":{"line":13,"column":41}},"7":{"start":{"line":14,"column":0},"end":{"line":14,"column":39}},"8":{"start":{"line":16,"column":27},"end":{"line":16,"column":34}},"9":{"start":{"line":19,"column":15},"end":{"line":19,"column":31}},"10":{"start":{"line":97,"column":19},"end":{"line":97,"column":36}},"11":{"start":{"line":21,"column":0},"end":{"line":95,"column":2}},"12":{"start":{"line":30,"column":8},"end":{"line":30,"column":54}},"13":{"start":{"line":35,"column":40},"end":{"line":94,"column":null}},"14":{"start":{"line":36,"column":25},"end":{"line":36,"column":33}},"15":{"start":{"line":41,"column":19},"end":{"line":41,"column":50}},"16":{"start":{"line":42,"column":4},"end":{"line":44,"column":null}},"17":{"start":{"line":43,"column":6},"end":{"line":43,"column":32}},"18":{"start":{"line":56,"column":4},"end":{"line":58,"column":null}},"19":{"start":{"line":57,"column":6},"end":{"line":57,"column":62}},"20":{"start":{"line":60,"column":23},"end":{"line":60,"column":33}},"21":{"start":{"line":61,"column":4},"end":{"line":61,"column":72}},"22":{"start":{"line":64,"column":18},"end":{"line":69,"column":6}},"23":{"start":{"line":70,"column":4},"end":{"line":70,"column":23}},"24":{"start":{"line":74,"column":4},"end":{"line":91,"column":null}},"25":{"start":{"line":75,"column":6},"end":{"line":75,"column":75}},"26":{"start":{"line":76,"column":6},"end":{"line":86,"column":9}},"27":{"start":{"line":87,"column":6},"end":{"line":87,"column":75}},"28":{"start":{"line":89,"column":6},"end":{"line":89,"column":57}},"29":{"start":{"line":93,"column":4},"end":{"line":93,"column":39}}},"fnMap":{"0":{"name":"(anonymous_8)","decl":{"start":{"line":29,"column":14},"end":{"line":29,"column":15}},"loc":{"start":{"line":29,"column":24},"end":{"line":31,"column":7}}},"1":{"name":"(anonymous_9)","decl":{"start":{"line":35,"column":2},"end":{"line":35,"column":9}},"loc":{"start":{"line":35,"column":40},"end":{"line":94,"column":null}}},"2":{"name":"(anonymous_10)","decl":{"start":{"line":35,"column":40},"end":{"line":35,"column":null}},"loc":{"start":{"line":35,"column":40},"end":{"line":94,"column":3}}}},"branchMap":{"0":{"loc":{"start":{"line":42,"column":4},"end":{"line":44,"column":null}},"type":"if","locations":[{"start":{"line":42,"column":4},"end":{"line":44,"column":null}}]},"1":{"loc":{"start":{"line":56,"column":4},"end":{"line":58,"column":null}},"type":"if","locations":[{"start":{"line":56,"column":4},"end":{"line":58,"column":null}}]}},"s":{"0":4,"1":4,"2":4,"3":4,"4":4,"5":4,"6":4,"7":4,"8":4,"9":4,"10":4,"11":4,"12":10,"13":10,"14":10,"15":10,"16":10,"17":1,"18":9,"19":1,"20":8,"21":8,"22":8,"23":8,"24":8,"25":8,"26":8,"27":8,"28":0,"29":8},"f":{"0":10,"1":10,"2":10},"b":{"0":[1],"1":[1]}}
,"/Users/navi/Desktop/DEVELOPMENT/Courses/Microservices/SG/BlackTicketing/orders/src/routes/show.ts": {"path":"/Users/navi/Desktop/DEVELOPMENT/Courses/Microservices/SG/BlackTicketing/orders/src/routes/show.ts","statementMap":{"0":{"start":{"line":1,"column":0},"end":{"line":1,"column":53}},"1":{"start":{"line":2,"column":0},"end":{"line":2,"column":64}},"2":{"start":{"line":3,"column":0},"end":{"line":3,"column":42}},"3":{"start":{"line":4,"column":0},"end":{"line":4,"column":39}},"4":{"start":{"line":5,"column":0},"end":{"line":5,"column":69}},"5":{"start":{"line":7,"column":15},"end":{"line":7,"column":31}},"6":{"start":{"line":29,"column":19},"end":{"line":29,"column":34}},"7":{"start":{"line":9,"column":0},"end":{"line":27,"column":2}},"8":{"start":{"line":14,"column":40},"end":{"line":26,"column":null}},"9":{"start":{"line":15,"column":18},"end":{"line":15,"column":72}},"10":{"start":{"line":17,"column":4},"end":{"line":19,"column":null}},"11":{"start":{"line":18,"column":6},"end":{"line":18,"column":32}},"12":{"start":{"line":21,"column":4},"end":{"line":23,"column":null}},"13":{"start":{"line":22,"column":6},"end":{"line":22,"column":37}},"14":{"start":{"line":25,"column":4},"end":{"line":25,"column":20}}},"fnMap":{"0":{"name":"(anonymous_8)","decl":{"start":{"line":14,"column":2},"end":{"line":14,"column":9}},"loc":{"start":{"line":14,"column":40},"end":{"line":26,"column":null}}},"1":{"name":"(anonymous_9)","decl":{"start":{"line":14,"column":40},"end":{"line":14,"column":null}},"loc":{"start":{"line":14,"column":40},"end":{"line":26,"column":3}}}},"branchMap":{"0":{"loc":{"start":{"line":17,"column":4},"end":{"line":19,"column":null}},"type":"if","locations":[{"start":{"line":17,"column":4},"end":{"line":19,"column":null}}]},"1":{"loc":{"start":{"line":21,"column":4},"end":{"line":23,"column":null}},"type":"if","locations":[{"start":{"line":21,"column":4},"end":{"line":23,"column":null}}]}},"s":{"0":4,"1":4,"2":4,"3":4,"4":4,"5":4,"6":4,"7":4,"8":1,"9":1,"10":1,"11":0,"12":1,"13":0,"14":1},"f":{"0":1,"1":1},"b":{"0":[0],"1":[0]}}
}
