TN:
SF:src/app.ts
FN:28,(anonymous_8)
FN:28,(anonymous_9)
FNF:2
FNH:0
FNDA:0,(anonymous_8)
FNDA:0,(anonymous_9)
DA:1,4
DA:2,4
DA:3,4
DA:4,4
DA:6,4
DA:7,4
DA:8,4
DA:9,4
DA:10,4
DA:12,4
DA:13,4
DA:14,4
DA:15,4
DA:21,4
DA:23,4
DA:24,4
DA:25,4
DA:26,4
DA:28,4
DA:29,0
DA:30,0
DA:33,4
DA:35,4
LF:23
LH:21
BRF:0
BRH:0
end_of_record
TN:
SF:src/events/listeners/expiration-completed-listener.ts
FN:8,(anonymous_8)
FN:12,(anonymous_9)
FNF:2
FNH:2
FNDA:3,(anonymous_8)
FNDA:3,(anonymous_9)
DA:1,1
DA:4,1
DA:5,1
DA:6,1
DA:8,1
DA:9,3
DA:10,3
DA:13,3
DA:15,3
DA:16,3
DA:17,3
DA:18,0
DA:20,3
DA:21,3
DA:23,0
DA:26,3
DA:27,3
DA:33,0
DA:39,3
LF:19
LH:16
BRDA:17,0,0,0
BRDA:20,1,0,0
BRDA:20,1,1,3
BRDA:20,2,0,3
BRDA:20,2,1,3
BRDA:21,3,0,0
BRDA:21,3,1,3
BRDA:21,4,0,3
BRDA:21,4,1,3
BRDA:28,5,0,0
BRDA:28,5,1,3
BRDA:28,6,0,3
BRDA:28,6,1,3
BRDA:30,7,0,0
BRDA:30,7,1,3
BRDA:30,8,0,3
BRDA:30,8,1,3
BRF:17
BRH:12
end_of_record
TN:
SF:src/events/listeners/queue-group-name.ts
FNF:0
FNH:0
DA:1,3
DA:3,3
LF:2
LH:2
BRF:0
BRH:0
end_of_record
TN:
SF:src/events/listeners/ticket-created-listener.ts
FN:7,(anonymous_8)
FN:11,(anonymous_9)
FNF:2
FNH:2
FNDA:2,(anonymous_8)
FNDA:2,(anonymous_9)
DA:1,1
DA:4,1
DA:5,1
DA:7,1
DA:8,2
DA:9,2
DA:12,2
DA:14,2
DA:19,2
DA:20,2
DA:21,2
DA:24,2
LF:12
LH:12
BRF:0
BRH:0
end_of_record
TN:
SF:src/events/listeners/ticket-updated-listener.ts
FN:7,(anonymous_8)
FN:11,(anonymous_9)
FNF:2
FNH:2
FNDA:3,(anonymous_8)
FNDA:3,(anonymous_9)
DA:1,1
DA:4,1
DA:5,1
DA:7,1
DA:8,3
DA:9,3
DA:12,3
DA:13,3
DA:15,1
DA:16,1
DA:19,2
DA:20,2
DA:21,2
DA:23,2
DA:24,2
LF:15
LH:15
BRDA:13,0,0,1
BRF:1
BRH:1
end_of_record
TN:
SF:src/events/publishers/order-cancelled-publisher.ts
FN:4,(anonymous_0)
FNF:1
FNH:1
FNDA:5,(anonymous_0)
DA:1,5
DA:4,5
DA:5,5
LF:3
LH:3
BRF:0
BRH:0
end_of_record
TN:
SF:src/events/publishers/order-created-publisher.ts
FN:4,(anonymous_0)
FNF:1
FNH:1
FNDA:8,(anonymous_0)
DA:1,4
DA:4,4
DA:5,8
LF:3
LH:3
BRF:0
BRH:0
end_of_record
TN:
SF:src/model/order.ts
FN:48,(anonymous_1)
FN:59,(anonymous_2)
FNF:2
FNH:2
FNDA:14,(anonymous_1)
FNDA:12,(anonymous_2)
DA:1,7
DA:2,7
DA:4,7
DA:25,7
DA:49,14
DA:50,14
DA:56,7
DA:57,7
DA:59,7
DA:60,12
DA:63,7
DA:65,7
LF:12
LH:12
BRF:0
BRH:0
end_of_record
TN:
SF:src/model/ticket.ts
FN:41,(anonymous_8)
FN:52,(anonymous_9)
FN:63,(anonymous_11)
FN:71,(anonymous_12)
FNF:4
FNH:4
FNDA:14,(anonymous_8)
FNDA:9,(anonymous_9)
FNDA:17,(anonymous_11)
FNDA:3,(anonymous_12)
DA:1,7
DA:2,7
DA:3,7
DA:4,7
DA:27,7
DA:42,14
DA:43,14
DA:49,7
DA:50,7
DA:52,7
DA:56,9
DA:60,9
DA:63,7
DA:64,17
DA:71,7
DA:72,3
DA:78,7
DA:80,7
LF:18
LH:18
BRF:0
BRH:0
end_of_record
TN:
SF:src/routes/delete.ts
FN:19,(anonymous_8)
FN:19,(anonymous_9)
FNF:2
FNH:2
FNDA:2,(anonymous_8)
FNDA:2,(anonymous_9)
DA:1,4
DA:2,4
DA:8,4
DA:9,4
DA:10,4
DA:11,4
DA:13,4
DA:15,4
DA:19,2
DA:20,2
DA:22,2
DA:23,0
DA:26,2
DA:27,0
DA:30,2
DA:31,2
DA:35,2
DA:36,2
DA:37,2
DA:44,2
DA:46,0
DA:50,2
DA:54,4
LF:23
LH:20
BRDA:22,0,0,0
BRDA:26,1,0,0
BRF:2
BRH:0
end_of_record
TN:
SF:src/routes/index.ts
FN:7,(anonymous_8)
FN:7,(anonymous_9)
FNF:2
FNH:2
FNDA:2,(anonymous_8)
FNDA:2,(anonymous_9)
DA:1,4
DA:2,4
DA:3,4
DA:5,4
DA:7,4
DA:9,2
DA:12,2
DA:15,4
LF:8
LH:8
BRF:0
BRH:0
end_of_record
TN:
SF:src/routes/new.ts
FN:29,(anonymous_8)
FN:35,(anonymous_9)
FN:35,(anonymous_10)
FNF:3
FNH:3
FNDA:10,(anonymous_8)
FNDA:10,(anonymous_9)
FNDA:10,(anonymous_10)
DA:1,4
DA:2,4
DA:3,4
DA:10,4
DA:11,4
DA:12,4
DA:13,4
DA:14,4
DA:16,4
DA:19,4
DA:21,4
DA:30,10
DA:35,10
DA:36,10
DA:41,10
DA:42,10
DA:43,1
DA:56,9
DA:57,1
DA:60,8
DA:61,8
DA:64,8
DA:70,8
DA:74,8
DA:75,8
DA:76,8
DA:87,8
DA:89,0
DA:93,8
DA:97,4
LF:30
LH:29
BRDA:42,0,0,1
BRDA:56,1,0,1
BRF:2
BRH:2
end_of_record
TN:
SF:src/routes/show.ts
FN:14,(anonymous_8)
FN:14,(anonymous_9)
FNF:2
FNH:2
FNDA:1,(anonymous_8)
FNDA:1,(anonymous_9)
DA:1,4
DA:2,4
DA:3,4
DA:4,4
DA:5,4
DA:7,4
DA:9,4
DA:14,1
DA:15,1
DA:17,1
DA:18,0
DA:21,1
DA:22,0
DA:25,1
DA:29,4
LF:15
LH:13
BRDA:17,0,0,0
BRDA:21,1,0,0
BRF:2
BRH:0
end_of_record
